<?xml version="1.0" encoding="UTF-8"?>
<testng-results ignored="0" total="3" passed="3" failed="0" skipped="0">
  <reporter-output>
  </reporter-output>
  <suite started-at="2022-01-02T20:58:39 IST" name="Suite" finished-at="2022-01-02T21:00:00 IST" duration-ms="80441">
    <groups>
      <group name="cucumber">
        <method signature="AbstractTestNGCucumberTests.runScenario(io.cucumber.testng.PickleWrapper, io.cucumber.testng.FeatureWrapper)[pri:0, instance:com.mindtree.runner.TestRunner@152aa092]" name="runScenario" class="io.cucumber.testng.AbstractTestNGCucumberTests"/>
      </group> <!-- cucumber -->
    </groups>
    <test started-at="2022-01-02T20:58:39 IST" name="Test" finished-at="2022-01-02T21:00:00 IST" duration-ms="80441">
      <class name="com.mindtree.runner.TestRunner">
        <test-method is-config="true" signature="setUpClass(org.testng.ITestContext)[pri:0, instance:com.mindtree.runner.TestRunner@152aa092]" started-at="2022-01-02T20:58:39 IST" name="setUpClass" finished-at="2022-01-02T20:58:42 IST" duration-ms="2228" status="PASS">
          <params>
            <param index="0">
              <value>
                <![CDATA[org.testng.TestRunner@77b919a3]]>
              </value>
            </param>
          </params>
          <reporter-output>
          </reporter-output>
        </test-method> <!-- setUpClass -->
        <test-method signature="runScenario(io.cucumber.testng.PickleWrapper, io.cucumber.testng.FeatureWrapper)[pri:0, instance:com.mindtree.runner.TestRunner@152aa092]" started-at="2022-01-02T20:58:42 IST" name="runScenario" description="Runs Cucumber Scenarios" data-provider="scenarios" finished-at="2022-01-02T20:59:11 IST" duration-ms="28923" status="PASS">
          <params>
            <param index="0">
              <value>
                <![CDATA["Search Car and Validate result"]]>
              </value>
            </param>
            <param index="1">
              <value>
                <![CDATA["Optional[Insurance Company]"]]>
              </value>
            </param>
          </params>
          <reporter-output>
          </reporter-output>
        </test-method> <!-- runScenario -->
        <test-method signature="runScenario(io.cucumber.testng.PickleWrapper, io.cucumber.testng.FeatureWrapper)[pri:0, instance:com.mindtree.runner.TestRunner@152aa092]" started-at="2022-01-02T20:59:11 IST" name="runScenario" description="Runs Cucumber Scenarios" data-provider="scenarios" finished-at="2022-01-02T20:59:42 IST" duration-ms="31585" status="PASS">
          <params>
            <param index="0">
              <value>
                <![CDATA["Click on Caseless Garage and Validate result"]]>
              </value>
            </param>
            <param index="1">
              <value>
                <![CDATA["Optional[Insurance Company]"]]>
              </value>
            </param>
          </params>
          <reporter-output>
          </reporter-output>
        </test-method> <!-- runScenario -->
        <test-method signature="runScenario(io.cucumber.testng.PickleWrapper, io.cucumber.testng.FeatureWrapper)[pri:0, instance:com.mindtree.runner.TestRunner@152aa092]" started-at="2022-01-02T20:59:42 IST" name="runScenario" description="Runs Cucumber Scenarios" data-provider="scenarios" finished-at="2022-01-02T20:59:59 IST" duration-ms="16947" status="PASS">
          <params>
            <param index="0">
              <value>
                <![CDATA["Click on Corporate Mission and Validate result"]]>
              </value>
            </param>
            <param index="1">
              <value>
                <![CDATA["Optional[Insurance Company]"]]>
              </value>
            </param>
          </params>
          <reporter-output>
          </reporter-output>
        </test-method> <!-- runScenario -->
        <test-method is-config="true" signature="tearDownClass()[pri:0, instance:com.mindtree.runner.TestRunner@152aa092]" started-at="2022-01-02T20:59:59 IST" name="tearDownClass" finished-at="2022-01-02T21:00:00 IST" duration-ms="591" status="PASS">
          <reporter-output>
          </reporter-output>
        </test-method> <!-- tearDownClass -->
      </class> <!-- com.mindtree.runner.TestRunner -->
    </test> <!-- Test -->
  </suite> <!-- Suite -->
</testng-results>
