<?xml version="1.0" encoding="UTF-8"?>
<testng-results ignored="0" total="3" passed="3" failed="0" skipped="0">
  <reporter-output>
  </reporter-output>
  <suite started-at="2021-12-31T14:00:13 IST" name="Default suite" finished-at="2021-12-31T14:00:55 IST" duration-ms="42391">
    <groups>
      <group name="cucumber">
        <method signature="AbstractTestNGCucumberTests.runScenario(io.cucumber.testng.PickleWrapper, io.cucumber.testng.FeatureWrapper)[pri:0, instance:com.mindtree.runner.TestRunner@2177849e]" name="runScenario" class="io.cucumber.testng.AbstractTestNGCucumberTests"/>
      </group> <!-- cucumber -->
    </groups>
    <test started-at="2021-12-31T14:00:13 IST" name="Default test" finished-at="2021-12-31T14:00:55 IST" duration-ms="42391">
      <class name="com.mindtree.runner.TestRunner">
        <test-method is-config="true" signature="setUpClass(org.testng.ITestContext)[pri:0, instance:com.mindtree.runner.TestRunner@2177849e]" started-at="2021-12-31T14:00:13 IST" name="setUpClass" finished-at="2021-12-31T14:00:13 IST" duration-ms="408" status="PASS">
          <params>
            <param index="0">
              <value>
                <![CDATA[org.testng.TestRunner@54e02f6a]]>
              </value>
            </param>
          </params>
          <reporter-output>
          </reporter-output>
        </test-method> <!-- setUpClass -->
        <test-method signature="runScenario(io.cucumber.testng.PickleWrapper, io.cucumber.testng.FeatureWrapper)[pri:0, instance:com.mindtree.runner.TestRunner@2177849e]" started-at="2021-12-31T14:00:13 IST" name="runScenario" description="Runs Cucumber Scenarios" data-provider="scenarios" finished-at="2021-12-31T14:00:39 IST" duration-ms="26504" status="PASS">
          <params>
            <param index="0">
              <value>
                <![CDATA["Search Car and Validate result"]]>
              </value>
            </param>
            <param index="1">
              <value>
                <![CDATA["Optional[Insurance Company]"]]>
              </value>
            </param>
          </params>
          <reporter-output>
          </reporter-output>
        </test-method> <!-- runScenario -->
        <test-method signature="runScenario(io.cucumber.testng.PickleWrapper, io.cucumber.testng.FeatureWrapper)[pri:0, instance:com.mindtree.runner.TestRunner@2177849e]" started-at="2021-12-31T14:00:39 IST" name="runScenario" description="Runs Cucumber Scenarios" data-provider="scenarios" finished-at="2021-12-31T14:00:49 IST" duration-ms="9135" status="PASS">
          <params>
            <param index="0">
              <value>
                <![CDATA["Click on Caseless Garage and Validate result"]]>
              </value>
            </param>
            <param index="1">
              <value>
                <![CDATA["Optional[Insurance Company]"]]>
              </value>
            </param>
          </params>
          <reporter-output>
          </reporter-output>
        </test-method> <!-- runScenario -->
        <test-method signature="runScenario(io.cucumber.testng.PickleWrapper, io.cucumber.testng.FeatureWrapper)[pri:0, instance:com.mindtree.runner.TestRunner@2177849e]" started-at="2021-12-31T14:00:49 IST" name="runScenario" description="Runs Cucumber Scenarios" data-provider="scenarios" finished-at="2021-12-31T14:00:55 IST" duration-ms="6138" status="PASS">
          <params>
            <param index="0">
              <value>
                <![CDATA["Click on Corporate Mission and Validate result"]]>
              </value>
            </param>
            <param index="1">
              <value>
                <![CDATA["Optional[Insurance Company]"]]>
              </value>
            </param>
          </params>
          <reporter-output>
          </reporter-output>
        </test-method> <!-- runScenario -->
        <test-method is-config="true" signature="tearDownClass()[pri:0, instance:com.mindtree.runner.TestRunner@2177849e]" started-at="2021-12-31T14:00:55 IST" name="tearDownClass" finished-at="2021-12-31T14:00:55 IST" duration-ms="166" status="PASS">
          <reporter-output>
          </reporter-output>
        </test-method> <!-- tearDownClass -->
      </class> <!-- com.mindtree.runner.TestRunner -->
    </test> <!-- Default test -->
  </suite> <!-- Default suite -->
</testng-results>
